2021-12-15 20:22:34,645 DEBUG c.h.r.l.Demo [main] This Will Be Printed On Debug
2021-12-15 20:22:34,647 INFO c.h.r.l.Demo [main] This Will Be Printed On Info
2021-12-15 20:22:34,647 WARN c.h.r.l.Demo [main] This Will Be Printed On Warn
2021-12-15 20:22:34,647 ERROR c.h.r.l.Demo [main] This Will Be Printed On Error
2021-12-15 20:22:34,647 FATAL c.h.r.l.Demo [main] This Will Be Printed On Fatal
2021-12-15 20:22:34,650 INFO c.h.r.l.Demo [main] Appending string: Hello, World.
2021-12-15 20:23:47,573 DEBUG c.h.r.l.Demo [main] This Will Be Printed On Debug
2021-12-15 20:23:47,574 INFO c.h.r.l.Demo [main] This Will Be Printed On Info
2021-12-15 20:23:47,574 WARN c.h.r.l.Demo [main] This Will Be Printed On Warn
2021-12-15 20:23:47,574 ERROR c.h.r.l.Demo [main] This Will Be Printed On Error
2021-12-15 20:23:47,575 FATAL c.h.r.l.Demo [main] This Will Be Printed On Fatal
2021-12-15 20:23:47,577 INFO c.h.r.l.Demo [main] Appending string: Hello, World.
2021-12-15 20:26:06,698 DEBUG c.h.r.l.App [main] We've just greeted the user!
2021-12-15 20:26:06,698 INFO c.h.r.l.App [main] We've just greeted the user!
2021-12-15 20:26:06,698 WARN c.h.r.l.App [main] We've just greeted the user!
2021-12-15 20:26:06,698 ERROR c.h.r.l.App [main] We've just greeted the user!
2021-12-15 20:26:06,698 FATAL c.h.r.l.App [main] We've just greeted the user!
2021-12-15 20:26:51,999 DEBUG c.h.r.l.App [main] We've just greeted the user!
2021-12-15 20:26:51,999 INFO c.h.r.l.App [main] We've just greeted the user!
2021-12-15 20:26:51,999 WARN c.h.r.l.App [main] We've just greeted the user!
2021-12-15 20:26:51,999 ERROR c.h.r.l.App [main] We've just greeted the user!
2021-12-15 20:26:51,999 FATAL c.h.r.l.App [main] We've just greeted the user!
